Command line:
   rom_isim_beh.exe
     -simmode  gui
     -simrunnum  1
     -socket  49310

Tue Nov 24 17:25:13 2020


 Elaboration Time: 0.0625 sec

 Current Memory Usage: 667.214 Meg

 Total Signals          : 15
 Total Nets             : 38
 Total Signal Drivers   : 6
 Total Blocks           : 2
 Total Primitive Blocks : 2
 Total Processes        : 9
 Total Traceable Variables  : 22
 Total Scalar Nets and Variables : 214
Total Line Count : 21

 Total Simulation Time: 0.0625 sec

 Current Memory Usage: 667.214 Meg

Tue Nov 24 17:25:22 2020

