ISim log file
Running: C:\Users\student\Documents\lab08_skel\cpu_test_isim_beh.exe -intstyle ise -gui -tclbatch isim.cmd -wdb C:/Users/student/Documents/lab08_skel/cpu_test_isim_beh.wdb 
ISim P.20131013 (signature 0x7708f090)
----------------------------------------------------------------------
INFO:Security:61 - The XILINXD_LICENSE_FILE environment variable is not set.
INFO:Security:63 - The LM_LICENSE_FILE environment variable is not set.
INFO:Security:68 - For more information or for assistance in obtaining 
 a license, please run the Xilinx License Configuration Manager
       (xlcm or "Manage Xilinx Licenses".)
INFO:Security:68a - user is student, on host WIN-I7C3F74FULA.
ERROR:Security:14 - No feature was available for 'ISIM'.

No such feature exists.
Feature:       ISIM
License path:  C:/.Xilinx\Xilinx.lic;C:\Xilinx\14.7\ISE_DS\ISE\/coregen/core_licenses\Xilinx.lic;C:\Xilinx\14.7\ISE_DS\ISE\/coregen/core_licenses\XilinxFree.lic;C:\Xilinx\14.7\ISE_DS\EDK/data/core_licenses\Xilinx.lic;
FLEXnet Licensing error:-5,357
For further information, refer to the FLEXnet Licensing documentation,
available at "www.flexerasoftware.com".
----------------------------------------------------------------------
WARNING: A full ISim License cannot be checked out due to the issues listed above. Please use Xilinx License Configuration Manager to fix these issues in order to check out a full ISim license.
WARNING: ISim will run in Lite mode. Please refer to the ISim documentation for more information on the differences between the Lite and the Full version.
This is a Lite version of ISim.
Time resolution is 1 ps
# onerror resume
# wave add /
# run 10000 ns
Simulator is doing circuit initialization process.
Finished circuit initialization process.
Program counter is now at: 1
Program counter is now at: 2
Program counter is now at: 3
Program counter is now at: 4
Program counter is now at: 5
Program counter is now at: 6
Program counter is now at: 7
Program counter is now at: 8
Program counter is now at: 9
Program counter is now at: 10
Program counter is now at: 11
Program counter is now at: 12
Program counter is now at: 13
Program counter is now at: 14
Program counter is now at: 15
Program counter is now at: 16
Program counter is now at: 17
Program counter is now at: 18
Program counter is now at: 19
Program counter is now at: 20
Program counter is now at: 21
Program counter is now at: 22
Program counter is now at: 23
Program counter is now at: 24
Program counter is now at: 25
Program counter is now at: 26
Program counter is now at: 27
Program counter is now at: 28
Program counter is now at: 29
Program counter is now at: 30
Program counter is now at: 31
Program counter is now at: 32
Program counter is now at: 33
Program counter is now at: 34
Program counter is now at: 35
Program counter is now at: 36
Program counter is now at: 37
Program counter is now at: 38
Program counter is now at: 39
Program counter is now at: 40
Program counter is now at: 41
Program counter is now at: 42
Program counter is now at: 43
Program counter is now at: 44
Program counter is now at: 45
Program counter is now at: 46
Program counter is now at: 47
Program counter is now at: 48
Program counter is now at: 49
Program counter is now at: 50
Program counter is now at: 51
Program counter is now at: 52
Program counter is now at: 53
Program counter is now at: 54
Program counter is now at: 55
Program counter is now at: 56
Program counter is now at: 57
Program counter is now at: 58
Program counter is now at: 59
Program counter is now at: 60
Program counter is now at: 61
Program counter is now at: 62
Program counter is now at: 63
Program counter is now at: 64
Program counter is now at: 65
Program counter is now at: 66
Program counter is now at: 67
Program counter is now at: 68
Program counter is now at: 69
Program counter is now at: 70
Program counter is now at: 71
Program counter is now at: 72
Program counter is now at: 73
Program counter is now at: 74
Program counter is now at: 75
Program counter is now at: 76
Program counter is now at: 77
Program counter is now at: 78
Program counter is now at: 79
Program counter is now at: 80
Program counter is now at: 81
Program counter is now at: 82
Program counter is now at: 83
Program counter is now at: 84
Program counter is now at: 85
Program counter is now at: 86
Program counter is now at: 87
Program counter is now at: 88
Program counter is now at: 89
Program counter is now at: 90
Program counter is now at: 91
Program counter is now at: 92
Program counter is now at: 93
Program counter is now at: 94
Program counter is now at: 95
Program counter is now at: 96
Program counter is now at: 97
Program counter is now at: 98
Program counter is now at: 99
Program counter is now at: 100
Program counter is now at: 101
Program counter is now at: 102
Program counter is now at: 103
Program counter is now at: 104
Program counter is now at: 105
Program counter is now at: 106
Program counter is now at: 107
Program counter is now at: 108
Program counter is now at: 109
Program counter is now at: 110
Program counter is now at: 111
Program counter is now at: 112
Program counter is now at: 113
Program counter is now at: 114
Program counter is now at: 115
Program counter is now at: 116
Program counter is now at: 117
Program counter is now at: 118
Program counter is now at: 119
Program counter is now at: 120
Program counter is now at: 121
Program counter is now at: 122
Program counter is now at: 123
Program counter is now at: 124
Program counter is now at: 125
Program counter is now at: 126
Program counter is now at: 127
Program counter is now at: 128
Program counter is now at: 129
Program counter is now at: 130
Program counter is now at: 131
Program counter is now at: 132
Program counter is now at: 133
Program counter is now at: 134
Program counter is now at: 135
Program counter is now at: 136
Program counter is now at: 137
Program counter is now at: 138
Program counter is now at: 139
Program counter is now at: 140
Program counter is now at: 141
Program counter is now at: 142
Program counter is now at: 143
Program counter is now at: 144
Program counter is now at: 145
Program counter is now at: 146
Program counter is now at: 147
Program counter is now at: 148
Program counter is now at: 149
Program counter is now at: 150
Program counter is now at: 151
Program counter is now at: 152
Program counter is now at: 153
Program counter is now at: 154
Program counter is now at: 155
Program counter is now at: 156
Program counter is now at: 157
Program counter is now at: 158
Program counter is now at: 159
Program counter is now at: 160
Program counter is now at: 161
Program counter is now at: 162
Program counter is now at: 163
Program counter is now at: 164
Program counter is now at: 165
Program counter is now at: 166
Program counter is now at: 167
Program counter is now at: 168
Program counter is now at: 169
Program counter is now at: 170
Program counter is now at: 171
Program counter is now at: 172
Program counter is now at: 173
Program counter is now at: 174
Program counter is now at: 175
Program counter is now at: 176
Program counter is now at: 177
Program counter is now at: 178
Program counter is now at: 179
Program counter is now at: 180
Program counter is now at: 181
Program counter is now at: 182
Program counter is now at: 183
Program counter is now at: 184
Program counter is now at: 185
Program counter is now at: 186
Program counter is now at: 187
Program counter is now at: 188
Program counter is now at: 189
Program counter is now at: 190
Program counter is now at: 191
Program counter is now at: 192
Program counter is now at: 193
Program counter is now at: 194
Program counter is now at: 195
Program counter is now at: 196
Program counter is now at: 197
Program counter is now at: 198
Program counter is now at: 199
ISim P.20131013 (signature 0x7708f090)
----------------------------------------------------------------------
INFO:Security:61 - The XILINXD_LICENSE_FILE environment variable is not set.
INFO:Security:63 - The LM_LICENSE_FILE environment variable is not set.
INFO:Security:68 - For more information or for assistance in obtaining 
 a license, please run the Xilinx License Configuration Manager
       (xlcm or "Manage Xilinx Licenses".)
INFO:Security:68a - user is student, on host WIN-I7C3F74FULA.
ERROR:Security:14 - No feature was available for 'ISIM'.

No such feature exists.
Feature:       ISIM
License path:  C:/.Xilinx\Xilinx.lic;C:\Xilinx\14.7\ISE_DS\ISE\/coregen/core_licenses\Xilinx.lic;C:\Xilinx\14.7\ISE_DS\ISE\/coregen/core_licenses\XilinxFree.lic;C:\Xilinx\14.7\ISE_DS\EDK/data/core_licenses\Xilinx.lic;
FLEXnet Licensing error:-5,357
For further information, refer to the FLEXnet Licensing documentation,
available at "www.flexerasoftware.com".
----------------------------------------------------------------------
WARNING: A full ISim License cannot be checked out due to the issues listed above. Please use Xilinx License Configuration Manager to fix these issues in order to check out a full ISim license.
WARNING: ISim will run in Lite mode. Please refer to the ISim documentation for more information on the differences between the Lite and the Full version.
This is a Lite version of ISim.
# run 10000 ns
Simulator is doing circuit initialization process.
Finished circuit initialization process.
Program counter is now at: 1
Program counter is now at: 2
Program counter is now at: 3
Program counter is now at: 4
Program counter is now at: 5
Program counter is now at: 6
Program counter is now at: 7
Program counter is now at: 8
Program counter is now at: 9
Program counter is now at: 10
Program counter is now at: 11
Program counter is now at: 12
Program counter is now at: 13
Program counter is now at: 14
Program counter is now at: 15
Program counter is now at: 16
Program counter is now at: 17
Program counter is now at: 18
Program counter is now at: 19
Program counter is now at: 20
Program counter is now at: 21
Program counter is now at: 22
Program counter is now at: 23
Program counter is now at: 24
Program counter is now at: 25
Program counter is now at: 26
Program counter is now at: 27
Program counter is now at: 28
Program counter is now at: 29
Program counter is now at: 30
Program counter is now at: 31
Program counter is now at: 32
Program counter is now at: 33
Program counter is now at: 34
Program counter is now at: 35
Program counter is now at: 36
Program counter is now at: 37
Program counter is now at: 38
Program counter is now at: 39
Program counter is now at: 40
Program counter is now at: 41
Program counter is now at: 42
Program counter is now at: 43
Program counter is now at: 44
Program counter is now at: 45
Program counter is now at: 46
Program counter is now at: 47
Program counter is now at: 48
Program counter is now at: 49
Program counter is now at: 50
Program counter is now at: 51
Program counter is now at: 52
Program counter is now at: 53
Program counter is now at: 54
Program counter is now at: 55
Program counter is now at: 56
Program counter is now at: 57
Program counter is now at: 58
Program counter is now at: 59
Program counter is now at: 60
Program counter is now at: 61
Program counter is now at: 62
Program counter is now at: 63
Program counter is now at: 64
Program counter is now at: 65
Program counter is now at: 66
Program counter is now at: 67
Program counter is now at: 68
Program counter is now at: 69
Program counter is now at: 70
Program counter is now at: 71
Program counter is now at: 72
Program counter is now at: 73
Program counter is now at: 74
Program counter is now at: 75
Program counter is now at: 76
Program counter is now at: 77
Program counter is now at: 78
Program counter is now at: 79
Program counter is now at: 80
Program counter is now at: 81
Program counter is now at: 82
Program counter is now at: 83
Program counter is now at: 84
Program counter is now at: 85
Program counter is now at: 86
Program counter is now at: 87
Program counter is now at: 88
Program counter is now at: 89
Program counter is now at: 90
Program counter is now at: 91
Program counter is now at: 92
Program counter is now at: 93
Program counter is now at: 94
Program counter is now at: 95
Program counter is now at: 96
Program counter is now at: 97
Program counter is now at: 98
Program counter is now at: 99
Program counter is now at: 100
Program counter is now at: 101
Program counter is now at: 102
Program counter is now at: 103
Program counter is now at: 104
Program counter is now at: 105
Program counter is now at: 106
Program counter is now at: 107
Program counter is now at: 108
Program counter is now at: 109
Program counter is now at: 110
Program counter is now at: 111
Program counter is now at: 112
Program counter is now at: 113
Program counter is now at: 114
Program counter is now at: 115
Program counter is now at: 116
Program counter is now at: 117
Program counter is now at: 118
Program counter is now at: 119
Program counter is now at: 120
Program counter is now at: 121
Program counter is now at: 122
Program counter is now at: 123
Program counter is now at: 124
Program counter is now at: 125
Program counter is now at: 126
Program counter is now at: 127
Program counter is now at: 128
Program counter is now at: 129
Program counter is now at: 130
Program counter is now at: 131
Program counter is now at: 132
Program counter is now at: 133
Program counter is now at: 134
Program counter is now at: 135
Program counter is now at: 136
Program counter is now at: 137
Program counter is now at: 138
Program counter is now at: 139
Program counter is now at: 140
Program counter is now at: 141
Program counter is now at: 142
Program counter is now at: 143
Program counter is now at: 144
Program counter is now at: 145
Program counter is now at: 146
Program counter is now at: 147
Program counter is now at: 148
Program counter is now at: 149
Program counter is now at: 150
Program counter is now at: 151
Program counter is now at: 152
Program counter is now at: 153
Program counter is now at: 154
Program counter is now at: 155
Program counter is now at: 156
Program counter is now at: 157
Program counter is now at: 158
Program counter is now at: 159
Program counter is now at: 160
Program counter is now at: 161
Program counter is now at: 162
Program counter is now at: 163
Program counter is now at: 164
Program counter is now at: 165
Program counter is now at: 166
Program counter is now at: 167
Program counter is now at: 168
Program counter is now at: 169
Program counter is now at: 170
Program counter is now at: 171
Program counter is now at: 172
Program counter is now at: 173
Program counter is now at: 174
Program counter is now at: 175
Program counter is now at: 176
Program counter is now at: 177
Program counter is now at: 178
Program counter is now at: 179
Program counter is now at: 180
Program counter is now at: 181
Program counter is now at: 182
Program counter is now at: 183
Program counter is now at: 184
Program counter is now at: 185
Program counter is now at: 186
Program counter is now at: 187
Program counter is now at: 188
Program counter is now at: 189
Program counter is now at: 190
Program counter is now at: 191
Program counter is now at: 192
Program counter is now at: 193
Program counter is now at: 194
Program counter is now at: 195
Program counter is now at: 196
Program counter is now at: 197
Program counter is now at: 198
Program counter is now at: 199
