Command line:
   decode_unit_isim_beh.exe
     -simmode  gui
     -simrunnum  0
     -socket  49333

Tue Nov 24 17:50:31 2020


 Elaboration Time: 0.0625 sec

 Current Memory Usage: 667.23 Meg

 Total Signals          : 15
 Total Nets             : 121
 Total Signal Drivers   : 24
 Total Blocks           : 2
 Total Primitive Blocks : 2
 Total Processes        : 26
 Total Traceable Variables  : 25
 Total Scalar Nets and Variables : 341
Total Line Count : 136

 Total Simulation Time: 0.078125 sec

 Current Memory Usage: 667.23 Meg

Tue Nov 24 17:50:36 2020

