Command line:
   control_unit_isim_beh.exe
     -simmode  gui
     -simrunnum  0
     -socket  49624

Tue Oct 20 19:36:59 2020


 Elaboration Time: 0.046875 sec

 Current Memory Usage: 667.226 Meg

 Total Signals          : 55
 Total Nets             : 163
 Total Signal Drivers   : 32
 Total Blocks           : 6
 Total Primitive Blocks : 5
 Total Processes        : 43
 Total Traceable Variables  : 40
 Total Scalar Nets and Variables : 625
Total Line Count : 121

 Total Simulation Time: 0.125 sec

 Current Memory Usage: 667.226 Meg

Tue Oct 20 19:37:16 2020

